2025-05-30 10:47:40.3503 Error - SupportBank.SupportBank: ReadTransactionsFromJSON System.InvalidOperationException: The requested operation requires an element of type 'String', but the target element has type 'Number'.
   at System.Text.Json.ThrowHelper.ThrowJsonElementWrongTypeException(JsonTokenType expectedType, JsonTokenType actualType)
   at System.Text.Json.JsonDocument.GetString(Int32 index, JsonTokenType expectedType)
   at System.Dynamic.UpdateDelegates.UpdateAndExecute1[T0,TRet](CallSite site, T0 arg0)
   at SupportBank.SupportBank.ReadTransactionsFromJSON(String path) in C:\Users\PreKri\Training\CSharp\SupportBank\SupportBank.cs:line 34
2025-05-30 10:51:29.5544 Error - SupportBank.SupportBank: ReadTransactionsFromJSON Microsoft.CSharp.RuntimeBinder.RuntimeBinderException: Cannot implicitly convert type 'float' to 'bool'
   at CallSite.Target(Closure, CallSite, Object)
   at System.Dynamic.UpdateDelegates.UpdateAndExecute1[T0,TRet](CallSite site, T0 arg0)
   at SupportBank.SupportBank.ReadTransactionsFromJSON(String path) in C:\Users\PreKri\Training\CSharp\SupportBank\SupportBank.cs:line 34
2025-05-30 11:00:20.3590 Error - SupportBank.SupportBank: Name not found in the file
2025-05-30 11:00:28.1385 Error - SupportBank.SupportBank: Name not found in the file
2025-05-30 11:04:00.0220 Error - SupportBank.SupportBank: Name not found in the file
2025-05-30 11:42:18.2895 Info - SupportBank.SupportBank: Starting to read the file...
2025-05-30 11:42:18.3342 Error - SupportBank.SupportBank: Date: 01/03/2015 From: Ben B To: Sam N Narrative: Lunch Amount: One Cheeseburger
2025-05-30 11:42:18.3342 Error - SupportBank.SupportBank: Date: Last Thursday From: Sarah T To: Dan W Narrative: Beers Amount: 5.42
2025-05-30 11:42:18.3342 Info - SupportBank.SupportBank: File has been read...
2025-05-30 11:44:23.8069 Info - SupportBank.SupportBank: Starting to read the file...
2025-05-30 11:44:23.8566 Error - SupportBank.SupportBank: Date: 01/03/2015 From: Ben B To: Sam N Narrative: Lunch Amount: One Cheeseburger
2025-05-30 11:44:23.8566 Error - SupportBank.SupportBank: Date: Last Thursday From: Sarah T To: Dan W Narrative: Beers Amount: 5.42
2025-05-30 11:44:23.8566 Info - SupportBank.SupportBank: File has been read...
2025-05-30 11:47:11.9577 Info - SupportBank.SupportBank: Starting to read the file...
2025-05-30 11:47:12.0134 Error - SupportBank.SupportBank: Date: 01/03/2015 From: Ben B To: Sam N Narrative: Lunch Amount: One Cheeseburger
2025-05-30 11:47:12.0134 Error - SupportBank.SupportBank: Date: Last Thursday From: Sarah T To: Dan W Narrative: Beers Amount: 5.42
2025-05-30 11:47:12.0134 Info - SupportBank.SupportBank: File has been read...
2025-05-30 11:47:27.6863 Info - SupportBank.SupportBank: Starting to read the file...
2025-05-30 11:47:27.7354 Error - SupportBank.SupportBank: Date: 01/03/2015 From: Ben B To: Sam N Narrative: Lunch Amount: One Cheeseburger
2025-05-30 11:47:27.7354 Error - SupportBank.SupportBank: Date: Last Thursday From: Sarah T To: Dan W Narrative: Beers Amount: 5.42
2025-05-30 11:47:27.7354 Info - SupportBank.SupportBank: File has been read...
2025-05-30 11:50:09.6608 Info - SupportBank.SupportBank: Starting to read the file...
2025-05-30 11:50:09.7098 Error - SupportBank.SupportBank: Date: 01/03/2015 From: Ben B To: Sam N Narrative: Lunch Amount: One Cheeseburger
2025-05-30 11:50:09.7098 Error - SupportBank.SupportBank: Date: Last Thursday From: Sarah T To: Dan W Narrative: Beers Amount: 5.42
2025-05-30 11:50:09.7098 Info - SupportBank.SupportBank: File has been read...
